16-Apr-2018 22:22:13.022 信息 [main] org.apache.catalina.startup.VersionLoggerListener.log Server version:        Apache Tomcat/8.0.44
16-Apr-2018 22:22:13.041 信息 [main] org.apache.catalina.startup.VersionLoggerListener.log Server built:          May 10 2017 17:21:09 UTC
16-Apr-2018 22:22:13.042 信息 [main] org.apache.catalina.startup.VersionLoggerListener.log Server number:         8.0.44.0
16-Apr-2018 22:22:13.042 信息 [main] org.apache.catalina.startup.VersionLoggerListener.log OS Name:               Windows 7
16-Apr-2018 22:22:13.043 信息 [main] org.apache.catalina.startup.VersionLoggerListener.log OS Version:            6.1
16-Apr-2018 22:22:13.044 信息 [main] org.apache.catalina.startup.VersionLoggerListener.log Architecture:          amd64
16-Apr-2018 22:22:13.045 信息 [main] org.apache.catalina.startup.VersionLoggerListener.log Java Home:             D:\java\jdk1.8\jre
16-Apr-2018 22:22:13.046 信息 [main] org.apache.catalina.startup.VersionLoggerListener.log JVM Version:           1.8.0_31-b13
16-Apr-2018 22:22:13.047 信息 [main] org.apache.catalina.startup.VersionLoggerListener.log JVM Vendor:            Oracle Corporation
16-Apr-2018 22:22:13.048 信息 [main] org.apache.catalina.startup.VersionLoggerListener.log CATALINA_BASE:         D:\solr\apache-tomcat-8.0.44
16-Apr-2018 22:22:13.049 信息 [main] org.apache.catalina.startup.VersionLoggerListener.log CATALINA_HOME:         D:\solr\apache-tomcat-8.0.44
16-Apr-2018 22:22:13.050 信息 [main] org.apache.catalina.startup.VersionLoggerListener.log Command line argument: -Djava.util.logging.config.file=D:\solr\apache-tomcat-8.0.44\conf\logging.properties
16-Apr-2018 22:22:13.051 信息 [main] org.apache.catalina.startup.VersionLoggerListener.log Command line argument: -Djava.util.logging.manager=org.apache.juli.ClassLoaderLogManager
16-Apr-2018 22:22:13.053 信息 [main] org.apache.catalina.startup.VersionLoggerListener.log Command line argument: -Djdk.tls.ephemeralDHKeySize=2048
16-Apr-2018 22:22:13.054 信息 [main] org.apache.catalina.startup.VersionLoggerListener.log Command line argument: -Djava.protocol.handler.pkgs=org.apache.catalina.webresources
16-Apr-2018 22:22:13.056 信息 [main] org.apache.catalina.startup.VersionLoggerListener.log Command line argument: -Djava.endorsed.dirs=D:\solr\apache-tomcat-8.0.44\endorsed
16-Apr-2018 22:22:13.057 信息 [main] org.apache.catalina.startup.VersionLoggerListener.log Command line argument: -Dcatalina.base=D:\solr\apache-tomcat-8.0.44
16-Apr-2018 22:22:13.059 信息 [main] org.apache.catalina.startup.VersionLoggerListener.log Command line argument: -Dcatalina.home=D:\solr\apache-tomcat-8.0.44
16-Apr-2018 22:22:13.060 信息 [main] org.apache.catalina.startup.VersionLoggerListener.log Command line argument: -Djava.io.tmpdir=D:\solr\apache-tomcat-8.0.44\temp
16-Apr-2018 22:22:13.061 信息 [main] org.apache.catalina.core.AprLifecycleListener.lifecycleEvent Loaded APR based Apache Tomcat Native library 1.2.12 using APR version 1.5.2.
16-Apr-2018 22:22:13.062 信息 [main] org.apache.catalina.core.AprLifecycleListener.lifecycleEvent APR capabilities: IPv6 [true], sendfile [true], accept filters [false], random [true].
16-Apr-2018 22:22:13.964 信息 [main] org.apache.catalina.core.AprLifecycleListener.initializeSSL OpenSSL successfully initialized (OpenSSL 1.0.2k  26 Jan 2017)
16-Apr-2018 22:22:15.063 信息 [main] org.apache.coyote.AbstractProtocol.init Initializing ProtocolHandler ["http-apr-8081"]
16-Apr-2018 22:22:15.108 信息 [main] org.apache.coyote.AbstractProtocol.init Initializing ProtocolHandler ["ajp-apr-8010"]
16-Apr-2018 22:22:15.111 信息 [main] org.apache.catalina.startup.Catalina.load Initialization processed in 4490 ms
16-Apr-2018 22:22:15.209 信息 [main] org.apache.catalina.core.StandardService.startInternal Starting service Catalina
16-Apr-2018 22:22:15.210 信息 [main] org.apache.catalina.core.StandardEngine.startInternal Starting Servlet Engine: Apache Tomcat/8.0.44
16-Apr-2018 22:22:15.284 信息 [localhost-startStop-1] org.apache.catalina.startup.HostConfig.deployDirectory Deploying web application directory D:\solr\apache-tomcat-8.0.44\webapps\docs
16-Apr-2018 22:22:16.595 信息 [localhost-startStop-1] org.apache.catalina.util.SessionIdGeneratorBase.createSecureRandom Creation of SecureRandom instance for session ID generation using [SHA1PRNG] took [392] milliseconds.
16-Apr-2018 22:22:16.643 信息 [localhost-startStop-1] org.apache.catalina.startup.HostConfig.deployDirectory Deployment of web application directory D:\solr\apache-tomcat-8.0.44\webapps\docs has finished in 1,358 ms
16-Apr-2018 22:22:16.644 信息 [localhost-startStop-1] org.apache.catalina.startup.HostConfig.deployDirectory Deploying web application directory D:\solr\apache-tomcat-8.0.44\webapps\examples
16-Apr-2018 22:22:17.296 信息 [localhost-startStop-1] org.apache.catalina.startup.HostConfig.deployDirectory Deployment of web application directory D:\solr\apache-tomcat-8.0.44\webapps\examples has finished in 652 ms
16-Apr-2018 22:22:17.297 信息 [localhost-startStop-1] org.apache.catalina.startup.HostConfig.deployDirectory Deploying web application directory D:\solr\apache-tomcat-8.0.44\webapps\host-manager
16-Apr-2018 22:22:17.334 信息 [localhost-startStop-1] org.apache.catalina.startup.HostConfig.deployDirectory Deployment of web application directory D:\solr\apache-tomcat-8.0.44\webapps\host-manager has finished in 36 ms
16-Apr-2018 22:22:17.335 信息 [localhost-startStop-1] org.apache.catalina.startup.HostConfig.deployDirectory Deploying web application directory D:\solr\apache-tomcat-8.0.44\webapps\manager
16-Apr-2018 22:22:17.375 信息 [localhost-startStop-1] org.apache.catalina.startup.HostConfig.deployDirectory Deployment of web application directory D:\solr\apache-tomcat-8.0.44\webapps\manager has finished in 40 ms
16-Apr-2018 22:22:17.376 信息 [localhost-startStop-1] org.apache.catalina.startup.HostConfig.deployDirectory Deploying web application directory D:\solr\apache-tomcat-8.0.44\webapps\ROOT
16-Apr-2018 22:22:17.399 信息 [localhost-startStop-1] org.apache.catalina.startup.HostConfig.deployDirectory Deployment of web application directory D:\solr\apache-tomcat-8.0.44\webapps\ROOT has finished in 23 ms
16-Apr-2018 22:22:17.400 信息 [localhost-startStop-1] org.apache.catalina.startup.HostConfig.deployDirectory Deploying web application directory D:\solr\apache-tomcat-8.0.44\webapps\solr
16-Apr-2018 22:22:24.529 信息 [localhost-startStop-1] org.apache.jasper.servlet.TldScanner.scanJars At least one JAR was scanned for TLDs yet contained no TLDs. Enable debug logging for this logger for a complete list of JARs that were scanned but no TLDs were found in them. Skipping unneeded JARs during scanning can improve startup time and JSP compilation time.
16-Apr-2018 22:22:30.331 信息 [localhost-startStop-1] org.apache.catalina.startup.HostConfig.deployDirectory Deployment of web application directory D:\solr\apache-tomcat-8.0.44\webapps\solr has finished in 12,931 ms
16-Apr-2018 22:22:30.336 信息 [main] org.apache.coyote.AbstractProtocol.start Starting ProtocolHandler ["http-apr-8081"]
16-Apr-2018 22:22:30.380 信息 [main] org.apache.coyote.AbstractProtocol.start Starting ProtocolHandler ["ajp-apr-8010"]
16-Apr-2018 22:22:30.396 信息 [main] org.apache.catalina.startup.Catalina.start Server startup in 15284 ms
